# ../large_IVDW_10/4.4/deepmd_data: data_e pred_e
-6.353509558116370748e+00 -6.353715531841729991e+00
-6.353923909940828452e+00 -6.354110120258502192e+00
-6.353996328905325619e+00 -6.354168069354753534e+00
-6.353997504467455926e+00 -6.354168014769111750e+00
-6.354067451676528755e+00 -6.354234752363541183e+00
-6.354093619457593434e+00 -6.354262733347855630e+00
-6.354133036755423625e+00 -6.354302609710979155e+00
-6.354245745976331960e+00 -6.354416972665758223e+00
-6.354435809349111786e+00 -6.354621101474586808e+00
-6.354678684102564645e+00 -6.354927003989776502e+00
-6.354688156163708079e+00 -6.355097472150408322e+00
-6.354762503422090703e+00 -6.355095556177649208e+00
-6.354827829053254717e+00 -6.355165111845146875e+00
-6.354999627061144629e+00 -6.355347874892558480e+00
-6.355240897140039813e+00 -6.355597051662586594e+00
-6.355267670690334825e+00 -6.355625314388216651e+00
-6.355331567968441675e+00 -6.355691225269376687e+00
-6.355499982790926872e+00 -6.355823555592132301e+00
-6.355728346005917295e+00 -6.355981518499504546e+00
-6.355733695443786857e+00 -6.355980710228378960e+00
-6.355847594319526728e+00 -6.356068085743638463e+00
-6.355872946183431793e+00 -6.356083610173287823e+00
-6.355939312218934489e+00 -6.356129198752176634e+00
-6.355979125857988521e+00 -6.356153120906681053e+00
-6.356024866715975996e+00 -6.356189411532104927e+00
-6.356029736173570477e+00 -6.356193182110848383e+00
-6.356071860867849921e+00 -6.356228061524492823e+00
-6.356087394783036970e+00 -6.356242436653786854e+00
-6.356121797445759114e+00 -6.356273888182580656e+00
-6.356132845798817321e+00 -6.356285970020945975e+00
-6.356177519487180128e+00 -6.356325062775294299e+00
-6.356197415591716471e+00 -6.356345263729722639e+00
-6.356238635759368982e+00 -6.356384729493207431e+00
-6.356242861656805410e+00 -6.356390584925081022e+00
-6.356268303017751364e+00 -6.356415581146027449e+00
-6.356279345966469485e+00 -6.356438400926589516e+00
-6.356282832850099318e+00 -6.356435917872402364e+00
-6.356311315907297477e+00 -6.356460863671644645e+00
-6.356321827169625571e+00 -6.356471901285688730e+00
-6.356345906587771211e+00 -6.356493340000817227e+00
-6.356351316656803974e+00 -6.356499430656769256e+00
-6.356369756291913475e+00 -6.356516007303313565e+00
-6.356370744526627092e+00 -6.356517468588084085e+00
-6.356387555315581750e+00 -6.356532571703872314e+00
-6.356389585098619399e+00 -6.356535430628925454e+00
-6.356400932071005982e+00 -6.356545571074244450e+00
-6.356401198816567621e+00 -6.356546092530669156e+00
-6.356410480956607323e+00 -6.356553883195546817e+00
-6.356410619871795120e+00 -6.356554101928095335e+00
-6.356415686282051780e+00 -6.356559726066080884e+00
-6.356415753737672425e+00 -6.356560001091603240e+00
-6.356418709595660133e+00 -6.356564464619007815e+00
-6.356418704802761610e+00 -6.356564698082798337e+00
-6.356421180424063344e+00 -6.356567643223761443e+00
-6.356421212593688530e+00 -6.356567806953776767e+00
-6.356423373313609737e+00 -6.356570108538226016e+00
-6.356423407218935395e+00 -6.356570204419518255e+00
-6.356425149250492623e+00 -6.356572840738828667e+00
-6.356425172958579672e+00 -6.356573167281553971e+00
-6.356426692662721756e+00 -6.356575459944623141e+00
-6.356427207061144280e+00 -6.356576792298098688e+00
-6.356429204861932192e+00 -6.356579055883520901e+00
-6.356429718343195923e+00 -6.356579938339329772e+00
-6.356431596213018231e+00 -6.356582190141699229e+00
-6.356431905562129892e+00 -6.356582793379028651e+00
-6.356431631489152245e+00 -6.356583251029699788e+00
-6.356431962376725586e+00 -6.356583023141209488e+00
-6.356433379990138022e+00 -6.356584782095680453e+00
-6.356434071360946625e+00 -6.356586303512320235e+00
-6.356435461518738173e+00 -6.356587996712161015e+00
-6.356436660591715970e+00 -6.356589985304484713e+00
-6.356439122357001814e+00 -6.356593062487718271e+00
-6.356439792100592179e+00 -6.356595110473011623e+00
-6.356442732485207081e+00 -6.356599040534614886e+00
-6.356443384230769489e+00 -6.356601216591378112e+00
-6.356446165798816494e+00 -6.356604472880929890e+00
-6.356447530690335412e+00 -6.356606882105031886e+00
-6.356450691972386657e+00 -6.356609718683816190e+00
-6.356451502840236856e+00 -6.356610708853872360e+00
-6.356453795345167634e+00 -6.356612872798606872e+00
-6.356454142307692123e+00 -6.356613394246007687e+00
-6.356455574309664236e+00 -6.356615101493177988e+00
-6.356455786854043666e+00 -6.356615659885532565e+00
-6.356457203106508302e+00 -6.356617432826546121e+00
-6.356457468629191254e+00 -6.356618029621835753e+00
-6.356458724506903302e+00 -6.356619213269461000e+00
