# ../large_IVDW_10/4.4/deepmd_data: data_e pred_e
-6.442458691929999986e+03 -6.442667549287513793e+03
-6.442878844679999929e+03 -6.443067661942121049e+03
-6.442952277510000386e+03 -6.443126422325720341e+03
-6.442953469529999893e+03 -6.443126366975879137e+03
-6.443024395999999797e+03 -6.443194038896630445e+03
-6.443050930129999870e+03 -6.443222411614725388e+03
-6.443090899269999682e+03 -6.443262846246932895e+03
-6.443205186420000246e+03 -6.443378810283078565e+03
-6.443397910679999768e+03 -6.443585796895231397e+03
-6.443644185680000191e+03 -6.443895982045632991e+03
-6.443653790350000236e+03 -6.444068836760514387e+03
-6.443729178470000079e+03 -6.444066893964136398e+03
-6.443795418659999996e+03 -6.444137423410978954e+03
-6.443969621840000400e+03 -6.444322745141053929e+03
-6.444214269699999932e+03 -6.444575410385862597e+03
-6.444241418079999676e+03 -6.444604068789652047e+03
-6.444306209919999674e+03 -6.444670902423147709e+03
-6.444476982549999775e+03 -6.444805085370422603e+03
-6.444708542850000413e+03 -6.444965259758497268e+03
-6.444713967179999599e+03 -6.444964440171575916e+03
-6.444829460640000434e+03 -6.445053038944049149e+03
-6.444855167429999710e+03 -6.445068780715713729e+03
-6.444922462589999668e+03 -6.445115007534706820e+03
-6.444962833620000310e+03 -6.445139264599374656e+03
-6.445009214849999807e+03 -6.445176063293554762e+03
-6.445014152480000121e+03 -6.445179886660400371e+03
-6.445056866920000175e+03 -6.445215254385835578e+03
-6.445072618309999598e+03 -6.445229830766939813e+03
-6.445107502609999756e+03 -6.445261722617136911e+03
-6.445118705640000371e+03 -6.445273973601239049e+03
-6.445164004760000353e+03 -6.445313613654148867e+03
-6.445184179410000070e+03 -6.445334097421939077e+03
-6.445225976660000015e+03 -6.445374115706112207e+03
-6.445230261720000271e+03 -6.445380053114032307e+03
-6.445256059260000256e+03 -6.445405399282071812e+03
-6.445267256809999708e+03 -6.445428538539561487e+03
-6.445270792510000319e+03 -6.445426020722616158e+03
-6.445299674330000016e+03 -6.445451315763048115e+03
-6.445310332750000271e+03 -6.445462507903688675e+03
-6.445334749280000324e+03 -6.445484246760828682e+03
-6.445340235089999624e+03 -6.445490422685964404e+03
-6.445358932879999884e+03 -6.445507231405559651e+03
-6.445359934950000024e+03 -6.445508713148316929e+03
-6.445376981090000299e+03 -6.445524027707726418e+03
-6.445379039290000037e+03 -6.445526926657730655e+03
-6.445390545119999842e+03 -6.445537209069283563e+03
-6.445390815599999769e+03 -6.445537737826098237e+03
-6.445400227690000065e+03 -6.445545637560284376e+03
-6.445400368550000167e+03 -6.445545859355088396e+03
-6.445405505890000313e+03 -6.445551562231005846e+03
-6.445405574290000004e+03 -6.445551841106886059e+03
-6.445408571529999790e+03 -6.445556367123674136e+03
-6.445408566670000255e+03 -6.445556603855957292e+03
-6.445411076950000279e+03 -6.445559590228894194e+03
-6.445411109570000008e+03 -6.445559756251129329e+03
-6.445413300539999909e+03 -6.445562090057761452e+03
-6.445413334920000125e+03 -6.445562187281391743e+03
-6.445415101339999637e+03 -6.445564860509171922e+03
-6.445415125380000063e+03 -6.445565191623495593e+03
-6.445416666359999908e+03 -6.445567516383847760e+03
-6.445417187959999865e+03 -6.445568867390272317e+03
-6.445419213729999683e+03 -6.445571162665890370e+03
-6.445419734400000380e+03 -6.445572057476080772e+03
-6.445421638560000247e+03 -6.445574340803683299e+03
-6.445421952239999882e+03 -6.445574952486334951e+03
-6.445421674330000315e+03 -6.445575416544115797e+03
-6.445422009849999995e+03 -6.445575185465186223e+03
-6.445423447309999574e+03 -6.445576969045019723e+03
-6.445424148359999890e+03 -6.445578511761492337e+03
-6.445425557980000121e+03 -6.445580228666131006e+03
-6.445426773840000351e+03 -6.445582245098747080e+03
-6.445429270069999802e+03 -6.445585365362546327e+03
-6.445429949190000116e+03 -6.445587442019634182e+03
-6.445432930740000302e+03 -6.445591427102099260e+03
-6.445433591609999894e+03 -6.445593633623657297e+03
-6.445436412119999659e+03 -6.445596935501263033e+03
-6.445437796119999803e+03 -6.445599378454502585e+03
-6.445441001660000438e+03 -6.445602254745389473e+03
-6.445441823879999902e+03 -6.445603258777826341e+03
-6.445444148479999967e+03 -6.445605453017787113e+03
-6.445444500300000072e+03 -6.445605981765451361e+03
-6.445445952349999970e+03 -6.445607712914082185e+03
-6.445446167869999954e+03 -6.445608279123929606e+03
-6.445447603949999575e+03 -6.445610076886117895e+03
-6.445447873189999882e+03 -6.445610682036541220e+03
-6.445449146650000330e+03 -6.445611882255233468e+03
