#  step      rmse_trn    rmse_e_trn    rmse_f_trn         lr
      0      5.44e-01      2.69e-03      1.72e-02    1.0e-03
   2000      3.02e-01      2.06e-03      9.54e-03    1.0e-03
   4000      2.81e-01      1.65e-04      8.90e-03    1.0e-03
   6000      3.43e-01      1.37e-04      1.09e-02    1.0e-03
   8000      2.94e-01      6.20e-03      9.25e-03    1.0e-03
  10000      2.60e-01      7.73e-03      8.16e-03    1.0e-03
  12000      2.16e-01      8.23e-04      7.05e-03    9.4e-04
  14000      2.75e-01      1.71e-03      8.98e-03    9.4e-04
  16000      6.10e-01      1.17e-02      1.96e-02    9.4e-04
  18000      3.64e-01      5.96e-03      1.18e-02    9.4e-04
  20000      2.20e-01      2.71e-03      7.14e-03    9.4e-04
  22000      2.55e-01      8.95e-03      7.80e-03    8.8e-04
  24000      3.31e-01      2.25e-02      7.92e-03    8.8e-04
  26000      2.67e-01      4.42e-03      8.89e-03    8.8e-04
  28000      2.80e-01      3.64e-03      9.38e-03    8.8e-04
  30000      2.36e-01      8.54e-04      7.98e-03    8.8e-04
  32000      3.14e-01      1.29e-02      9.26e-03    8.8e-04
  34000      2.54e-01      4.12e-03      8.65e-03    8.2e-04
  36000      2.42e-01      3.33e-04      8.45e-03    8.2e-04
  38000      2.65e-01      5.04e-03      8.91e-03    8.2e-04
  40000      2.48e-01      2.48e-03      8.60e-03    8.2e-04
  42000      2.40e-01      3.62e-03      8.18e-03    8.2e-04
  44000      2.49e-01      2.98e-03      8.83e-03    7.7e-04
  46000      3.87e-01      1.37e-03      1.40e-02    7.7e-04
  48000      2.45e-01      1.24e-03      8.83e-03    7.7e-04
  50000      2.73e-01      2.11e-03      9.79e-03    7.7e-04
  52000      2.15e-01      3.34e-04      7.77e-03    7.7e-04
  54000      2.86e-01      1.37e-03      1.03e-02    7.7e-04
  56000      2.36e-01      1.55e-03      8.76e-03    7.2e-04
  58000      2.50e-01      1.35e-03      9.29e-03    7.2e-04
  60000      2.40e-01      1.30e-03      8.90e-03    7.2e-04
  62000      1.92e-01      6.70e-05      7.17e-03    7.2e-04
  64000      2.24e-01      7.92e-04      8.36e-03    7.2e-04
  66000      1.84e-01      2.32e-04      7.10e-03    6.7e-04
  68000      2.38e-01      6.49e-04      9.19e-03    6.7e-04
  70000      3.96e-01      1.03e-03      1.53e-02    6.7e-04
  72000      2.10e-01      2.71e-03      7.87e-03    6.7e-04
  74000      2.11e-01      8.36e-04      8.12e-03    6.7e-04
  76000      2.33e-01      9.87e-04      8.98e-03    6.7e-04
  78000      2.16e-01      1.53e-03      8.55e-03    6.3e-04
  80000      1.80e-01      2.40e-03      6.92e-03    6.3e-04
  82000      1.68e-01      2.03e-04      6.68e-03    6.3e-04
  84000      2.80e-01      1.04e-05      1.12e-02    6.3e-04
  86000      1.73e-01      2.43e-04      6.91e-03    6.3e-04
  88000      2.06e-01      1.30e-03      8.42e-03    5.9e-04
  90000      2.24e-01      3.46e-03      8.86e-03    5.9e-04
  92000      3.24e-01      4.48e-04      1.33e-02    5.9e-04
  94000      2.78e-01      5.63e-03      1.04e-02    5.9e-04
  96000      4.19e-01      1.99e-03      1.72e-02    5.9e-04
  98000      2.05e-01      1.95e-03      8.29e-03    5.9e-04
 100000      1.54e-01      5.84e-04      6.55e-03    5.5e-04
 102000      1.58e-01      6.54e-04      6.70e-03    5.5e-04
 104000      1.71e-01      2.13e-03      7.03e-03    5.5e-04
 106000      1.60e-01      1.86e-04      6.80e-03    5.5e-04
 108000      3.55e-01      2.75e-03      1.49e-02    5.5e-04
 110000      1.88e-01      6.54e-04      8.26e-03    5.1e-04
 112000      2.14e-01      1.13e-03      9.37e-03    5.1e-04
 114000      1.49e-01      1.23e-05      6.55e-03    5.1e-04
 116000      1.61e-01      1.18e-03      7.01e-03    5.1e-04
 118000      1.90e-01      1.34e-03      8.26e-03    5.1e-04
 120000      1.70e-01      5.42e-04      7.49e-03    5.1e-04
 122000      1.71e-01      6.34e-04      7.75e-03    4.8e-04
 124000      1.55e-01      6.99e-04      7.02e-03    4.8e-04
 126000      1.81e-01      1.56e-03      8.11e-03    4.8e-04
 128000      2.37e-01      4.30e-03      9.78e-03    4.8e-04
 130000      1.75e-01      8.11e-04      7.92e-03    4.8e-04
 132000      1.71e-01      9.99e-04      8.01e-03    4.5e-04
 134000      1.91e-01      5.30e-04      8.97e-03    4.5e-04
 136000      1.67e-01      7.64e-04      7.83e-03    4.5e-04
 138000      1.56e-01      2.68e-04      7.32e-03    4.5e-04
 140000      1.56e-01      3.31e-04      7.34e-03    4.5e-04
 142000      3.80e-01      2.26e-03      1.77e-02    4.5e-04
 144000      1.38e-01      1.14e-03      6.59e-03    4.2e-04
 146000      1.56e-01      1.28e-03      7.45e-03    4.2e-04
 148000      1.60e-01      3.06e-03      6.87e-03    4.2e-04
 150000      1.41e-01      9.52e-04      6.77e-03    4.2e-04
 152000      1.60e-01      1.10e-03      7.68e-03    4.2e-04
 154000      1.56e-01      1.52e-03      7.67e-03    3.9e-04
 156000      1.40e-01      1.30e-04      7.04e-03    3.9e-04
 158000      1.62e-01      3.39e-03      6.96e-03    3.9e-04
 160000      1.43e-01      7.17e-04      7.13e-03    3.9e-04
 162000      1.36e-01      2.43e-04      6.81e-03    3.9e-04
 164000      1.87e-01      3.03e-03      8.59e-03    3.9e-04
 166000      1.84e-01      2.50e-03      9.13e-03    3.7e-04
 168000      1.38e-01      3.34e-04      7.15e-03    3.7e-04
 170000      1.89e-01      1.04e-03      9.71e-03    3.7e-04
 172000      1.53e-01      1.67e-03      7.63e-03    3.7e-04
 174000      1.50e-01      2.50e-03      7.05e-03    3.7e-04
 176000      1.68e-01      6.04e-04      8.97e-03    3.5e-04
 178000      2.12e-01      4.34e-03      1.01e-02    3.5e-04
 180000      1.80e-01      1.18e-04      9.70e-03    3.5e-04
 182000      1.68e-01      2.04e-03      8.57e-03    3.5e-04
 184000      1.79e-01      1.21e-03      9.49e-03    3.5e-04
 186000      1.31e-01      8.54e-04      6.94e-03    3.5e-04
 188000      1.46e-01      2.03e-03      7.68e-03    3.2e-04
 190000      1.17e-01      4.54e-04      6.45e-03    3.2e-04
 192000      1.64e-01      5.43e-04      9.06e-03    3.2e-04
 194000      1.32e-01      1.89e-03      6.80e-03    3.2e-04
 196000      1.55e-01      1.46e-03      8.37e-03    3.2e-04
 198000      1.39e-01      1.88e-03      7.44e-03    3.0e-04
 200000      1.36e-01      4.00e-04      7.77e-03    3.0e-04
 202000      1.47e-01      1.03e-03      8.29e-03    3.0e-04
 204000      2.51e-01      1.36e-03      1.42e-02    3.0e-04
 206000      1.40e-01      8.16e-04      7.93e-03    3.0e-04
 208000      1.12e-01      9.64e-04      6.23e-03    3.0e-04
 210000      1.33e-01      1.19e-03      7.67e-03    2.8e-04
 212000      1.17e-01      4.85e-05      6.92e-03    2.8e-04
 214000      1.26e-01      5.53e-04      7.41e-03    2.8e-04
 216000      1.31e-01      1.58e-04      7.75e-03    2.8e-04
 218000      1.37e-01      1.17e-03      7.95e-03    2.8e-04
 220000      1.08e-01      1.38e-03      6.22e-03    2.7e-04
 222000      1.24e-01      1.17e-03      7.35e-03    2.7e-04
 224000      1.04e-01      4.37e-04      6.33e-03    2.7e-04
 226000      1.03e-01      1.11e-04      6.33e-03    2.7e-04
 228000      1.07e-01      1.19e-04      6.56e-03    2.7e-04
 230000      1.39e-01      1.62e-03      8.18e-03    2.7e-04
 232000      1.40e-01      1.11e-03      8.74e-03    2.5e-04
 234000      1.25e-01      2.35e-03      6.73e-03    2.5e-04
 236000      1.28e-01      7.21e-04      8.02e-03    2.5e-04
 238000      1.25e-01      1.36e-03      7.64e-03    2.5e-04
 240000      1.07e-01      8.80e-04      6.62e-03    2.5e-04
 242000      1.09e-01      3.18e-04      7.14e-03    2.3e-04
 244000      1.29e-01      1.67e-04      8.42e-03    2.3e-04
 246000      1.28e-01      5.84e-04      8.30e-03    2.3e-04
 248000      1.36e-01      4.35e-04      8.87e-03    2.3e-04
 250000      1.37e-01      2.28e-05      8.98e-03    2.3e-04
 252000      1.08e-01      8.49e-05      7.06e-03    2.3e-04
 254000      9.61e-02      7.77e-04      6.34e-03    2.2e-04
 256000      1.31e-01      1.00e-03      8.72e-03    2.2e-04
 258000      1.32e-01      1.94e-03      8.32e-03    2.2e-04
 260000      1.03e-01      1.10e-04      6.99e-03    2.2e-04
 262000      1.12e-01      3.52e-04      7.53e-03    2.2e-04
 264000      9.36e-02      2.08e-04      6.54e-03    2.0e-04
 266000      1.00e-01      1.06e-03      6.69e-03    2.0e-04
 268000      1.46e-01      7.02e-04      1.02e-02    2.0e-04
 270000      1.06e-01      2.82e-04      7.44e-03    2.0e-04
 272000      8.94e-02      7.46e-05      6.26e-03    2.0e-04
 274000      1.02e-01      1.17e-03      6.86e-03    2.0e-04
 276000      1.54e-01      1.25e-03      1.09e-02    1.9e-04
 278000      1.01e-01      4.34e-04      7.25e-03    1.9e-04
 280000      1.17e-01      1.23e-03      8.20e-03    1.9e-04
 282000      9.19e-02      8.86e-04      6.39e-03    1.9e-04
 284000      1.11e-01      4.75e-05      8.05e-03    1.9e-04
 286000      1.10e-01      1.03e-03      8.03e-03    1.8e-04
 288000      1.15e-01      1.67e-03      8.01e-03    1.8e-04
 290000      1.18e-01      3.73e-04      8.75e-03    1.8e-04
 292000      1.32e-01      4.92e-04      9.82e-03    1.8e-04
 294000      8.78e-02      2.23e-04      6.55e-03    1.8e-04
 296000      9.98e-02      1.14e-03      7.15e-03    1.8e-04
 298000      1.13e-01      2.72e-04      8.73e-03    1.7e-04
 300000      8.89e-02      1.18e-03      6.34e-03    1.7e-04
 302000      9.85e-02      7.78e-04      7.41e-03    1.7e-04
 304000      1.00e-01      2.25e-04      7.73e-03    1.7e-04
 306000      9.53e-02      2.60e-04      7.35e-03    1.7e-04
 308000      9.07e-02      1.26e-04      7.24e-03    1.6e-04
 310000      9.13e-02      1.37e-03      6.55e-03    1.6e-04
 312000      1.07e-01      1.74e-04      8.58e-03    1.6e-04
 314000      9.15e-02      5.81e-04      7.18e-03    1.6e-04
 316000      1.04e-01      1.50e-03      7.77e-03    1.6e-04
 318000      1.10e-01      3.36e-04      8.79e-03    1.6e-04
 320000      8.69e-02      2.55e-04      7.16e-03    1.5e-04
 322000      9.71e-02      7.26e-04      7.87e-03    1.5e-04
 324000      9.34e-02      2.42e-04      7.70e-03    1.5e-04
 326000      1.07e-01      4.95e-04      8.71e-03    1.5e-04
 328000      7.75e-02      6.27e-04      6.22e-03    1.5e-04
 330000      8.89e-02      8.41e-04      7.28e-03    1.4e-04
 332000      9.17e-02      3.04e-05      7.83e-03    1.4e-04
 334000      9.58e-02      6.74e-04      8.04e-03    1.4e-04
 336000      7.37e-02      7.74e-05      6.28e-03    1.4e-04
 338000      9.16e-02      1.33e-03      7.06e-03    1.4e-04
 340000      9.05e-02      8.84e-04      7.48e-03    1.4e-04
 342000      9.81e-02      1.48e-04      8.64e-03    1.3e-04
 344000      6.97e-02      4.56e-04      6.03e-03    1.3e-04
 346000      1.21e-01      5.53e-04      1.06e-02    1.3e-04
 348000      7.98e-02      9.21e-04      6.61e-03    1.3e-04
 350000      6.97e-02      8.01e-05      6.15e-03    1.3e-04
 352000      1.49e-01      8.94e-05      1.36e-02    1.2e-04
 354000      8.25e-02      7.56e-04      7.23e-03    1.2e-04
 356000      7.87e-02      1.36e-03      6.14e-03    1.2e-04
 358000      7.86e-02      6.51e-04      7.00e-03    1.2e-04
 360000      8.55e-02      1.35e-04      7.79e-03    1.2e-04
 362000      6.85e-02      1.15e-04      6.24e-03    1.2e-04
 364000      8.19e-02      9.52e-04      7.23e-03    1.1e-04
 366000      6.61e-02      2.37e-04      6.19e-03    1.1e-04
 368000      7.00e-02      1.36e-04      6.58e-03    1.1e-04
 370000      9.28e-02      7.22e-04      8.50e-03    1.1e-04
 372000      6.77e-02      9.40e-05      6.37e-03    1.1e-04
 374000      8.64e-02      2.20e-04      8.39e-03    1.0e-04
 376000      7.56e-02      3.14e-04      7.30e-03    1.0e-04
 378000      8.23e-02      1.73e-03      6.19e-03    1.0e-04
 380000      6.20e-02      3.71e-04      5.94e-03    1.0e-04
 382000      6.56e-02      3.14e-04      6.32e-03    1.0e-04
 384000      8.19e-02      1.95e-05      7.97e-03    1.0e-04
 386000      7.35e-02      5.88e-04      7.23e-03    9.8e-05
 388000      9.82e-02      2.99e-04      9.83e-03    9.8e-05
 390000      8.40e-02      3.09e-04      8.41e-03    9.8e-05
 392000      6.75e-02      6.08e-04      6.53e-03    9.8e-05
 394000      1.13e-01      5.78e-04      1.12e-02    9.8e-05
 396000      6.68e-02      6.58e-04      6.63e-03    9.2e-05
 398000      9.25e-02      3.99e-04      9.53e-03    9.2e-05
 400000      6.94e-02      3.37e-04      7.14e-03    9.2e-05
 402000      7.15e-02      6.17e-05      7.43e-03    9.2e-05
 404000      8.15e-02      1.79e-03      6.31e-03    9.2e-05
 406000      8.64e-02      8.82e-04      8.53e-03    9.2e-05
 408000      8.42e-02      3.37e-04      9.00e-03    8.6e-05
 410000      5.73e-02      2.73e-04      6.09e-03    8.6e-05
 412000      7.15e-02      1.18e-03      6.65e-03    8.6e-05
 414000      1.05e-01      4.73e-04      1.11e-02    8.6e-05
 416000      6.90e-02      1.18e-03      6.33e-03    8.6e-05
 418000      7.27e-02      7.68e-04      7.74e-03    8.0e-05
 420000      5.88e-02      1.38e-04      6.51e-03    8.0e-05
 422000      7.86e-02      1.06e-03      8.15e-03    8.0e-05
 424000      9.94e-02      8.92e-04      1.06e-02    8.0e-05
 426000      5.58e-02      4.51e-05      6.19e-03    8.0e-05
 428000      8.61e-02      5.26e-04      9.39e-03    8.0e-05
 430000      5.86e-02      7.14e-04      6.24e-03    7.5e-05
 432000      9.51e-02      1.08e-03      1.02e-02    7.5e-05
 434000      6.81e-02      7.12e-04      7.39e-03    7.5e-05
 436000      9.10e-02      3.01e-04      1.04e-02    7.5e-05
 438000      6.59e-02      3.11e-05      7.56e-03    7.5e-05
 440000      1.11e-01      3.34e-04      1.31e-02    7.0e-05
 442000      5.93e-02      7.64e-04      6.46e-03    7.0e-05
 444000      6.54e-02      2.90e-04      7.70e-03    7.0e-05
 446000      8.15e-02      1.19e-03      8.89e-03    7.0e-05
 448000      5.93e-02      8.50e-04      6.31e-03    7.0e-05
 450000      5.17e-02      1.13e-04      6.11e-03    7.0e-05
 452000      6.98e-02      8.53e-04      8.08e-03    6.6e-05
 454000      7.88e-02      5.19e-04      9.44e-03    6.6e-05
 456000      5.08e-02      1.65e-04      6.19e-03    6.6e-05
 458000      6.98e-02      1.04e-03      7.84e-03    6.6e-05
 460000      6.24e-02      3.77e-04      7.54e-03    6.6e-05
 462000      7.12e-02      6.59e-04      8.64e-03    6.2e-05
 464000      6.35e-02      1.87e-04      8.01e-03    6.2e-05
 466000      7.68e-02      1.18e-03      8.56e-03    6.2e-05
 468000      5.02e-02      4.12e-04      6.15e-03    6.2e-05
 470000      5.01e-02      3.51e-04      6.19e-03    6.2e-05
 472000      5.27e-02      6.56e-04      6.16e-03    6.2e-05
 474000      6.10e-02      2.64e-04      7.92e-03    5.8e-05
 476000      6.52e-02      2.70e-04      8.47e-03    5.8e-05
 478000      8.95e-02      4.12e-04      1.16e-02    5.8e-05
 480000      6.23e-02      6.89e-04      7.77e-03    5.8e-05
 482000      5.44e-02      2.77e-04      7.02e-03    5.8e-05
 484000      4.66e-02      1.50e-04      6.27e-03    5.4e-05
 486000      6.91e-02      8.92e-04      8.56e-03    5.4e-05
 488000      7.03e-02      2.93e-04      9.41e-03    5.4e-05
 490000      4.70e-02      1.19e-04      6.33e-03    5.4e-05
 492000      5.34e-02      4.34e-04      6.98e-03    5.4e-05
 494000      5.74e-02      7.68e-04      7.05e-03    5.4e-05
 496000      4.85e-02      4.77e-04      6.44e-03    5.0e-05
 498000      7.01e-02      6.20e-04      9.40e-03    5.0e-05
 500000      4.51e-02      1.03e-04      6.27e-03    5.0e-05
 502000      4.46e-02      1.55e-04      6.19e-03    5.0e-05
 504000      5.87e-02      9.26e-04      7.41e-03    5.0e-05
 506000      5.07e-02      4.21e-04      7.12e-03    4.7e-05
 508000      7.74e-02      1.24e-03      9.67e-03    4.7e-05
 510000      5.04e-02      1.58e-04      7.23e-03    4.7e-05
 512000      4.99e-02      1.55e-04      7.16e-03    4.7e-05
 514000      5.69e-02      5.53e-04      7.92e-03    4.7e-05
 516000      5.18e-02      4.44e-04      7.19e-03    4.7e-05
 518000      5.80e-02      8.51e-04      7.69e-03    4.4e-05
 520000      4.10e-02      8.91e-05      6.09e-03    4.4e-05
 522000      5.01e-02      7.24e-04      6.66e-03    4.4e-05
 524000      8.88e-02      3.38e-04      1.31e-02    4.4e-05
 526000      5.20e-02      6.19e-04      7.19e-03    4.4e-05
 528000      5.22e-02      2.09e-04      7.98e-03    4.1e-05
 530000      5.61e-02      7.31e-04      8.08e-03    4.1e-05
 532000      5.01e-02      8.21e-05      7.70e-03    4.1e-05
 534000      4.99e-02      1.94e-04      7.64e-03    4.1e-05
 536000      3.92e-02      1.85e-04      5.96e-03    4.1e-05
 538000      4.92e-02      1.20e-04      7.56e-03    4.1e-05
 540000      4.75e-02      9.26e-04      5.99e-03    3.9e-05
 542000      6.48e-02      2.91e-04      1.02e-02    3.9e-05
 544000      3.93e-02      1.65e-05      6.25e-03    3.9e-05
 546000      5.23e-02      2.98e-04      8.21e-03    3.9e-05
 548000      3.84e-02      2.67e-05      6.10e-03    3.9e-05
 550000      4.75e-02      7.41e-04      7.06e-03    3.6e-05
 552000      5.07e-02      2.72e-04      8.21e-03    3.6e-05
 554000      5.69e-02      1.25e-03      7.52e-03    3.6e-05
 556000      5.11e-02      8.55e-04      7.47e-03    3.6e-05
 558000      5.35e-02      3.38e-04      8.64e-03    3.6e-05
 560000      4.10e-02      4.74e-04      6.27e-03    3.6e-05
 562000      5.24e-02      5.03e-04      8.46e-03    3.4e-05
 564000      8.08e-02      4.43e-04      1.35e-02    3.4e-05
 566000      8.07e-02      5.30e-04      1.34e-02    3.4e-05
 568000      4.02e-02      5.86e-04      6.06e-03    3.4e-05
 570000      5.28e-02      9.62e-04      7.77e-03    3.4e-05
 572000      6.54e-02      1.87e-03      7.23e-03    3.2e-05
 574000      3.75e-02      3.28e-04      6.32e-03    3.2e-05
 576000      4.65e-02      5.75e-04      7.67e-03    3.2e-05
 578000      3.45e-02      6.84e-05      6.03e-03    3.2e-05
 580000      3.57e-02      3.09e-04      6.02e-03    3.2e-05
 582000      4.66e-02      1.47e-04      8.12e-03    3.2e-05
 584000      3.37e-02      1.98e-04      5.98e-03    3.0e-05
 586000      4.51e-02      4.06e-04      7.91e-03    3.0e-05
 588000      5.12e-02      9.33e-04      8.03e-03    3.0e-05
 590000      4.59e-02      8.64e-05      8.28e-03    3.0e-05
 592000      4.71e-02      3.95e-04      8.22e-03    3.0e-05
 594000      4.17e-02      2.70e-05      7.79e-03    2.8e-05
 596000      3.87e-02      1.56e-04      7.17e-03    2.8e-05
 598000      3.98e-02      3.49e-04      7.22e-03    2.8e-05
 600000      3.24e-02      8.15e-05      6.03e-03    2.8e-05
 602000      4.00e-02      6.68e-04      6.36e-03    2.8e-05
 604000      4.97e-02      6.65e-04      8.64e-03    2.8e-05
 606000      4.03e-02      1.46e-04      7.73e-03    2.6e-05
 608000      3.67e-02      5.32e-04      6.30e-03    2.6e-05
 610000      4.44e-02      1.07e-04      8.52e-03    2.6e-05
 612000      4.70e-02      9.50e-04      7.55e-03    2.6e-05
 614000      4.09e-02      7.68e-04      6.37e-03    2.6e-05
 616000      3.11e-02      1.48e-04      6.12e-03    2.4e-05
 618000      3.16e-02      2.46e-04      6.10e-03    2.4e-05
 620000      3.42e-02      5.26e-04      5.95e-03    2.4e-05
 622000      3.99e-02      4.28e-04      7.58e-03    2.4e-05
 624000      3.00e-02      9.54e-05      5.93e-03    2.4e-05
 626000      3.06e-02      9.46e-05      6.05e-03    2.4e-05
 628000      3.59e-02      5.53e-04      6.46e-03    2.3e-05
 630000      4.15e-02      3.51e-04      8.29e-03    2.3e-05
 632000      3.24e-02      1.11e-04      6.62e-03    2.3e-05
 634000      2.84e-02      7.58e-05      5.82e-03    2.3e-05
 636000      3.91e-02      6.57e-06      8.03e-03    2.3e-05
 638000      3.69e-02      1.54e-04      7.77e-03    2.1e-05
 640000      3.03e-02      2.02e-05      6.43e-03    2.1e-05
 642000      3.46e-02      6.20e-05      7.33e-03    2.1e-05
 644000      4.10e-02      6.98e-04      7.69e-03    2.1e-05
 646000      3.67e-02      1.66e-04      7.71e-03    2.1e-05
 648000      2.99e-02      2.43e-04      6.13e-03    2.1e-05
 650000      3.04e-02      2.38e-04      6.45e-03    2.0e-05
 652000      2.96e-02      2.43e-04      6.26e-03    2.0e-05
 654000      2.92e-02      2.69e-04      6.11e-03    2.0e-05
 656000      4.14e-02      4.27e-04      8.58e-03    2.0e-05
 658000      3.66e-02      2.82e-04      7.78e-03    2.0e-05
 660000      3.73e-02      3.44e-04      8.16e-03    1.9e-05
 662000      3.31e-02      5.95e-05      7.47e-03    1.9e-05
 664000      3.66e-02      5.50e-04      7.54e-03    1.9e-05
 666000      3.30e-02      2.04e-04      7.31e-03    1.9e-05
 668000      4.70e-02      3.60e-04      1.03e-02    1.9e-05
 670000      2.76e-02      1.60e-04      6.12e-03    1.9e-05
 672000      5.03e-02      1.43e-03      7.36e-03    1.7e-05
 674000      2.99e-02      4.47e-04      6.13e-03    1.7e-05
 676000      4.48e-02      2.24e-04      1.03e-02    1.7e-05
 678000      3.43e-02      4.33e-04      7.51e-03    1.7e-05
 680000      2.78e-02      2.91e-04      6.11e-03    1.7e-05
 682000      3.47e-02      1.41e-04      8.30e-03    1.6e-05
 684000      2.86e-02      3.73e-04      6.26e-03    1.6e-05
 686000      2.82e-02      3.75e-04      6.15e-03    1.6e-05
 688000      3.08e-02      2.36e-04      7.18e-03    1.6e-05
 690000      4.11e-02      9.06e-04      7.89e-03    1.6e-05
 692000      2.65e-02      1.75e-04      6.24e-03    1.6e-05
 694000      2.58e-02      2.26e-04      6.14e-03    1.5e-05
 696000      5.64e-02      6.10e-06      1.40e-02    1.5e-05
 698000      2.57e-02      1.87e-04      6.21e-03    1.5e-05
 700000      3.42e-02      7.58e-06      8.50e-03    1.5e-05
 702000      3.22e-02      6.40e-04      6.21e-03    1.5e-05
 704000      5.01e-02      1.25e-04      1.28e-02    1.4e-05
 706000      2.83e-02      1.37e-05      7.25e-03    1.4e-05
 708000      2.84e-02      1.32e-04      7.19e-03    1.4e-05
 710000      2.52e-02      1.90e-04      6.28e-03    1.4e-05
 712000      5.36e-02      3.86e-04      1.34e-02    1.4e-05
 714000      2.76e-02      1.10e-04      7.01e-03    1.4e-05
 716000      3.52e-02      8.18e-04      7.17e-03    1.3e-05
 718000      2.66e-02      7.94e-05      6.99e-03    1.3e-05
 720000      3.20e-02      4.97e-04      7.64e-03    1.3e-05
 722000      2.36e-02      1.75e-05      6.23e-03    1.3e-05
 724000      2.32e-02      6.11e-05      6.11e-03    1.3e-05
 726000      3.02e-02      3.81e-04      7.71e-03    1.3e-05
 728000      3.12e-02      3.30e-04      8.00e-03    1.3e-05
 730000      3.40e-02      4.09e-04      8.55e-03    1.3e-05
 732000      2.62e-02      1.73e-05      7.13e-03    1.3e-05
 734000      3.22e-02      6.32e-04      7.40e-03    1.3e-05
 736000      2.42e-02      1.58e-04      6.45e-03    1.3e-05
 738000      5.13e-02      3.96e-04      1.40e-02    1.2e-05
 740000      3.16e-02      5.73e-04      7.69e-03    1.2e-05
 742000      3.05e-02      4.73e-04      7.73e-03    1.2e-05
 744000      3.33e-02      7.25e-05      9.33e-03    1.2e-05
 746000      5.31e-02      4.21e-04      1.44e-02    1.2e-05
 748000      2.57e-02      4.04e-04      6.47e-03    1.1e-05
 750000      3.01e-02      6.21e-04      7.17e-03    1.1e-05
 752000      2.19e-02      1.62e-04      6.15e-03    1.1e-05
 754000      2.56e-02      2.43e-04      7.16e-03    1.1e-05
 756000      2.42e-02      6.32e-06      6.99e-03    1.1e-05
 758000      2.55e-02      6.51e-05      7.35e-03    1.1e-05
 760000      2.14e-02      1.06e-04      6.30e-03    1.0e-05
 762000      2.29e-02      3.43e-04      6.02e-03    1.0e-05
 764000      2.93e-02      6.57e-04      6.89e-03    1.0e-05
 766000      2.88e-02      1.54e-04      8.48e-03    1.0e-05
 768000      2.14e-02      1.28e-04      6.26e-03    1.0e-05
 770000      1.98e-02      7.02e-05      6.06e-03    9.6e-06
 772000      2.75e-02      8.22e-05      8.40e-03    9.6e-06
 774000      2.32e-02      1.69e-04      6.93e-03    9.6e-06
 776000      2.30e-02      2.09e-04      6.78e-03    9.6e-06
 778000      2.70e-02      5.45e-04      6.91e-03    9.6e-06
 780000      2.63e-02      4.98e-04      6.89e-03    9.6e-06
 782000      2.39e-02      2.79e-04      7.17e-03    9.0e-06
 784000      2.32e-02      2.00e-04      7.08e-03    9.0e-06
 786000      2.02e-02      6.18e-05      6.38e-03    9.0e-06
 788000      3.07e-02      6.90e-04      7.67e-03    9.0e-06
 790000      2.59e-02      3.51e-04      7.63e-03    9.0e-06
 792000      2.13e-02      4.25e-07      6.95e-03    8.4e-06
 794000      3.01e-02      4.71e-04      8.85e-03    8.4e-06
 796000      2.05e-02      2.40e-04      6.20e-03    8.4e-06
 798000      2.50e-02      3.60e-04      7.25e-03    8.4e-06
 800000      2.33e-02      2.88e-05      7.60e-03    8.4e-06
 802000      2.40e-02      9.56e-05      7.80e-03    8.4e-06
 804000      1.98e-02      2.33e-04      6.18e-03    7.9e-06
 806000      2.92e-02      2.74e-04      9.37e-03    7.9e-06
 808000      1.91e-02      4.77e-06      6.41e-03    7.9e-06
 810000      2.29e-02      2.29e-04      7.29e-03    7.9e-06
 812000      2.94e-02      6.78e-04      7.65e-03    7.9e-06
 814000      1.85e-02      1.64e-04      6.15e-03    7.4e-06
 816000      2.50e-02      8.70e-05      8.60e-03    7.4e-06
 818000      3.02e-02      5.64e-04      8.43e-03    7.4e-06
 820000      2.53e-02      2.06e-04      8.44e-03    7.4e-06
 822000      2.30e-02      3.33e-04      7.06e-03    7.4e-06
 824000      2.10e-02      1.36e-05      7.28e-03    7.4e-06
 826000      1.88e-02      1.70e-04      6.42e-03    6.9e-06
 828000      4.00e-02      3.52e-04      1.37e-02    6.9e-06
 830000      2.16e-02      2.91e-04      7.16e-03    6.9e-06
 832000      2.14e-02      5.90e-05      7.59e-03    6.9e-06
 834000      2.86e-02      5.54e-04      8.62e-03    6.9e-06
 836000      1.66e-02      2.89e-05      6.09e-03    6.4e-06
 838000      2.58e-02      6.31e-05      9.43e-03    6.4e-06
 840000      2.27e-02      3.15e-04      7.69e-03    6.4e-06
 842000      2.63e-02      3.89e-04      8.82e-03    6.4e-06
 844000      1.93e-02      5.41e-05      7.06e-03    6.4e-06
 846000      2.49e-02      5.22e-04      7.47e-03    6.4e-06
 848000      2.25e-02      3.66e-04      7.60e-03    6.0e-06
 850000      2.21e-02      2.71e-04      7.83e-03    6.0e-06
 852000      1.61e-02      2.56e-05      6.08e-03    6.0e-06
 854000      1.61e-02      7.01e-06      6.09e-03    6.0e-06
 856000      1.91e-02      2.49e-04      6.75e-03    6.0e-06
 858000      1.76e-02      2.30e-04      6.21e-03    5.6e-06
 860000      1.58e-02      1.32e-04      5.92e-03    5.6e-06
 862000      3.81e-02      3.74e-04      1.41e-02    5.6e-06
 864000      2.43e-02      3.52e-04      8.39e-03    5.6e-06
 866000      1.64e-02      7.22e-05      6.30e-03    5.6e-06
 868000      2.98e-02      8.66e-05      1.15e-02    5.6e-06
 870000      2.17e-02      4.00e-04      7.47e-03    5.3e-06
 872000      2.48e-02      1.26e-04      9.78e-03    5.3e-06
 874000      3.24e-02      8.74e-05      1.29e-02    5.3e-06
 876000      2.11e-02      5.03e-07      8.44e-03    5.3e-06
 878000      1.62e-02      1.51e-04      6.18e-03    5.3e-06
 880000      1.57e-02      1.57e-04      6.10e-03    4.9e-06
 882000      2.94e-02      8.24e-04      7.70e-03    4.9e-06
 884000      2.05e-02      2.44e-04      7.97e-03    4.9e-06
 886000      1.78e-02      1.38e-05      7.29e-03    4.9e-06
 888000      1.75e-02      6.71e-05      7.16e-03    4.9e-06
 890000      2.09e-02      1.31e-04      8.42e-03    4.9e-06
 892000      1.92e-02      2.50e-04      7.36e-03    4.6e-06
 894000      1.47e-02      2.05e-06      6.20e-03    4.6e-06
 896000      1.98e-02      4.02e-04      6.37e-03    4.6e-06
 898000      2.48e-02      6.21e-04      7.59e-03    4.6e-06
 900000      1.60e-02      1.78e-04      6.30e-03    4.6e-06
 902000      2.09e-02      4.13e-04      7.58e-03    4.3e-06
 904000      1.88e-02      2.81e-04      7.15e-03    4.3e-06
 906000      2.23e-02      2.47e-04      9.04e-03    4.3e-06
 908000      2.22e-02      1.07e-04      9.50e-03    4.3e-06
 910000      1.73e-02      1.81e-04      7.09e-03    4.3e-06
 912000      1.55e-02      1.59e-04      6.37e-03    4.3e-06
 914000      1.97e-02      1.51e-04      8.60e-03    4.0e-06
 916000      1.87e-02      3.04e-04      7.14e-03    4.0e-06
 918000      1.69e-02      1.29e-04      7.28e-03    4.0e-06
 920000      2.08e-02      3.71e-04      8.05e-03    4.0e-06
 922000      2.47e-02      3.89e-04      9.53e-03    4.0e-06
 924000      2.34e-02      1.74e-04      1.04e-02    3.8e-06
 926000      1.39e-02      6.33e-05      6.28e-03    3.8e-06
 928000      1.94e-02      3.91e-04      7.38e-03    3.8e-06
 930000      2.55e-02      7.07e-04      7.50e-03    3.8e-06
 932000      2.17e-02      3.81e-04      8.70e-03    3.8e-06
 934000      1.36e-02      1.97e-05      6.22e-03    3.8e-06
 936000      2.31e-02      4.79e-04      8.88e-03    3.5e-06
 938000      1.59e-02      1.08e-04      7.29e-03    3.5e-06
 940000      3.24e-02      4.56e-04      1.36e-02    3.5e-06
 942000      1.89e-02      4.17e-04      6.33e-03    3.5e-06
 944000      1.89e-02      4.08e-04      6.44e-03    3.5e-06
 946000      1.52e-02      8.08e-05      7.21e-03    3.3e-06
 948000      1.40e-02      8.89e-05      6.59e-03    3.3e-06
 950000      1.60e-02      1.59e-04      7.41e-03    3.3e-06
 952000      1.95e-02      4.53e-04      7.22e-03    3.3e-06
 954000      1.71e-02      8.40e-05      8.14e-03    3.3e-06
 956000      1.42e-02      1.62e-04      6.38e-03    3.3e-06
 958000      1.80e-02      3.29e-04      7.25e-03    3.1e-06
 960000      1.74e-02      9.91e-05      8.44e-03    3.1e-06
 962000      1.86e-02      3.74e-04      7.66e-03    3.1e-06
 964000      2.07e-02      5.15e-04      7.44e-03    3.1e-06
 966000      1.66e-02      2.85e-04      6.88e-03    3.1e-06
 968000      1.27e-02      4.99e-05      6.37e-03    2.9e-06
 970000      2.89e-02      3.55e-04      1.35e-02    2.9e-06
 972000      1.88e-02      3.71e-04      7.39e-03    2.9e-06
 974000      1.88e-02      2.76e-04      8.44e-03    2.9e-06
 976000      1.50e-02      2.54e-04      6.72e-03    2.9e-06
 978000      1.85e-02      3.43e-04      8.06e-03    2.9e-06
 980000      1.25e-02      1.26e-04      6.15e-03    2.7e-06
 982000      1.44e-02      1.13e-04      7.23e-03    2.7e-06
 984000      1.23e-02      9.75e-05      6.20e-03    2.7e-06
 986000      1.25e-02      4.91e-05      6.45e-03    2.7e-06
 988000      1.88e-02      2.99e-04      8.44e-03    2.7e-06
 990000      2.22e-02      6.10e-04      7.67e-03    2.5e-06
 992000      1.37e-02      2.24e-04      6.22e-03    2.5e-06
 994000      1.35e-02      1.72e-05      7.20e-03    2.5e-06
 996000      1.83e-02      3.97e-04      7.81e-03    2.5e-06
 998000      1.88e-02      1.65e-04      9.61e-03    2.5e-06
1000000      2.26e-02      5.74e-04      8.58e-03    2.5e-06
1002000      2.61e-02      7.07e-05      1.42e-02    2.4e-06
1004000      1.65e-02      1.76e-04      8.44e-03    2.4e-06
1006000      1.51e-02      2.68e-05      8.21e-03    2.4e-06
1008000      1.40e-02      1.75e-04      7.00e-03    2.4e-06
1010000      1.91e-02      4.85e-04      6.18e-03    2.4e-06
1012000      2.19e-02      6.15e-04      7.69e-03    2.2e-06
1014000      1.18e-02      3.06e-05      6.56e-03    2.2e-06
1016000      1.35e-02      7.55e-05      7.38e-03    2.2e-06
1018000      1.58e-02      2.73e-04      7.77e-03    2.2e-06
1020000      1.22e-02      1.46e-04      6.27e-03    2.2e-06
1022000      1.81e-02      4.46e-04      6.25e-03    2.2e-06
1024000      1.13e-02      4.03e-05      6.39e-03    2.1e-06
1026000      1.70e-02      5.00e-05      9.64e-03    2.1e-06
1028000      1.28e-02      2.42e-05      7.30e-03    2.1e-06
1030000      1.52e-02      3.01e-04      7.27e-03    2.1e-06
1032000      1.85e-02      4.77e-04      7.44e-03    2.1e-06
1034000      1.56e-02      3.68e-04      6.92e-03    1.9e-06
1036000      1.07e-02      3.00e-05      6.23e-03    1.9e-06
1038000      1.41e-02      1.68e-04      7.74e-03    1.9e-06
1040000      1.44e-02      2.07e-05      8.35e-03    1.9e-06
1042000      1.58e-02      1.65e-04      8.66e-03    1.9e-06
1044000      1.10e-02      2.01e-05      6.40e-03    1.9e-06
1046000      1.76e-02      2.72e-04      9.09e-03    1.8e-06
1048000      1.26e-02      2.04e-04      6.45e-03    1.8e-06
1050000      1.34e-02      1.34e-04      7.58e-03    1.8e-06
1052000      2.44e-02      2.71e-04      1.36e-02    1.8e-06
1054000      1.68e-02      4.08e-04      7.43e-03    1.8e-06
1056000      1.17e-02      1.21e-04      6.72e-03    1.7e-06
1058000      1.12e-02      8.04e-05      6.61e-03    1.7e-06
1060000      1.65e-02      3.40e-04      7.55e-03    1.7e-06
1062000      1.27e-02      1.98e-04      6.70e-03    1.7e-06
1064000      1.55e-02      3.50e-04      7.39e-03    1.7e-06
1066000      2.46e-02      3.03e-04      1.38e-02    1.7e-06
1068000      1.03e-02      5.04e-05      6.32e-03    1.6e-06
1070000      1.19e-02      1.59e-04      6.67e-03    1.6e-06
1072000      1.16e-02      1.67e-04      6.37e-03    1.6e-06
1074000      1.80e-02      4.84e-04      7.51e-03    1.6e-06
1076000      1.25e-02      1.07e-04      7.50e-03    1.6e-06
1078000      1.67e-02      3.23e-04      8.91e-03    1.5e-06
1080000      1.05e-02      9.60e-05      6.34e-03    1.5e-06
1082000      1.49e-02      3.31e-04      6.64e-03    1.5e-06
1084000      1.18e-02      1.24e-04      7.08e-03    1.5e-06
1086000      1.36e-02      2.38e-04      7.20e-03    1.5e-06
1088000      1.40e-02      3.07e-04      6.36e-03    1.5e-06
1090000      1.63e-02      4.15e-04      7.46e-03    1.4e-06
1092000      1.32e-02      2.00e-04      7.76e-03    1.4e-06
1094000      2.33e-02      2.93e-04      1.38e-02    1.4e-06
1096000      1.75e-02      3.99e-04      8.76e-03    1.4e-06
1098000      2.10e-02      6.44e-04      7.22e-03    1.4e-06
1100000      1.40e-02      3.15e-04      6.42e-03    1.3e-06
1102000      1.30e-02      2.48e-04      6.79e-03    1.3e-06
1104000      1.45e-02      3.07e-04      7.08e-03    1.3e-06
1106000      1.86e-02      2.86e-04      1.07e-02    1.3e-06
1108000      1.28e-02      1.44e-04      8.01e-03    1.3e-06
1110000      1.20e-02      2.23e-04      6.38e-03    1.3e-06
1112000      1.54e-02      3.79e-04      7.54e-03    1.2e-06
1114000      1.60e-02      3.70e-04      7.23e-03    1.2e-06
1116000      1.09e-02      4.73e-05      7.24e-03    1.2e-06
1118000      1.32e-02      1.32e-04      8.42e-03    1.2e-06
1120000      1.67e-02      4.31e-04      7.89e-03    1.2e-06
1122000      1.58e-02      6.42e-07      1.08e-02    1.1e-06
1124000      1.31e-02      1.28e-04      8.50e-03    1.1e-06
1126000      9.44e-03      4.34e-05      6.38e-03    1.1e-06
1128000      1.92e-02      5.44e-04      8.15e-03    1.1e-06
1130000      1.18e-02      2.17e-04      6.57e-03    1.1e-06
1132000      1.63e-02      4.23e-04      7.77e-03    1.1e-06
1134000      1.20e-02      1.68e-04      7.49e-03    1.1e-06
1136000      1.18e-02      2.23e-04      6.52e-03    1.1e-06
1138000      9.82e-03      9.45e-05      6.49e-03    1.1e-06
1140000      1.98e-02      5.89e-04      7.91e-03    1.1e-06
1142000      1.97e-02      3.88e-04      1.07e-02    1.1e-06
1144000      1.17e-02      1.49e-04      7.57e-03    1.0e-06
1146000      9.31e-03      5.31e-05      6.47e-03    1.0e-06
1148000      1.78e-02      5.16e-04      7.55e-03    1.0e-06
1150000      2.04e-02      6.33e-04      7.49e-03    1.0e-06
1152000      1.19e-02      4.15e-05      8.37e-03    1.0e-06
1154000      1.01e-02      9.50e-05      6.78e-03    1.0e-06
1156000      1.27e-02      1.47e-04      8.48e-03    9.4e-07
1158000      9.47e-03      8.48e-05      6.52e-03    9.4e-07
1160000      1.56e-02      3.91e-04      8.05e-03    9.4e-07
1162000      9.85e-03      1.24e-04      6.49e-03    9.4e-07
1164000      1.12e-02      2.09e-04      6.46e-03    9.4e-07
1166000      1.11e-02      1.46e-04      7.56e-03    8.8e-07
1168000      1.59e-02      4.42e-04      7.41e-03    8.8e-07
1170000      1.76e-02      5.13e-04      7.63e-03    8.8e-07
1172000      9.93e-03      3.80e-05      7.20e-03    8.8e-07
1174000      1.11e-02      1.26e-04      7.57e-03    8.8e-07
1176000      1.01e-02      1.46e-04      6.54e-03    8.8e-07
1178000      1.37e-02      3.70e-04      6.79e-03    8.2e-07
1180000      1.06e-02      1.63e-04      6.88e-03    8.2e-07
1182000      1.44e-02      3.62e-04      7.70e-03    8.2e-07
1184000      1.74e-02      4.94e-04      7.99e-03    8.2e-07
1186000      1.86e-02      5.61e-04      7.62e-03    8.2e-07
1188000      9.78e-03      1.24e-04      6.73e-03    7.7e-07
1190000      1.43e-02      3.29e-04      7.31e-03    7.7e-07
1192000      1.60e-02      4.45e-04      7.68e-03    7.7e-07
1194000      2.11e-02      3.20e-04      1.39e-02    7.7e-07
1196000      1.30e-02      2.97e-04      7.57e-03    7.7e-07
1198000      1.50e-02      4.08e-04      7.45e-03    7.7e-07
1200000      1.09e-02      1.87e-04      6.97e-03    7.2e-07
1202000      9.90e-03      7.59e-05      7.32e-03    7.2e-07
1204000      1.18e-02      1.31e-04      8.40e-03    7.2e-07
1206000      2.43e-02      3.94e-04      1.59e-02    7.2e-07
1208000      1.58e-02      4.44e-04      7.61e-03    7.2e-07
1210000      8.65e-03      5.31e-05      6.56e-03    6.7e-07
1212000      1.62e-02      4.11e-04      8.96e-03    6.7e-07
1214000      1.66e-02      4.62e-04      8.18e-03    6.7e-07
1216000      1.66e-02      4.39e-04      8.80e-03    6.7e-07
1218000      2.30e-02      4.50e-04      1.39e-02    6.7e-07
1220000      8.89e-03      2.99e-05      6.84e-03    6.7e-07
1222000      1.44e-02      3.75e-04      7.81e-03    6.3e-07
1224000      8.95e-03      5.09e-05      6.90e-03    6.3e-07
1226000      1.43e-02      3.65e-04      7.93e-03    6.3e-07
1228000      2.25e-02      4.22e-04      1.42e-02    6.3e-07
1230000      1.37e-02      2.61e-04      8.55e-03    6.3e-07
1232000      1.20e-02      2.24e-04      7.70e-03    5.9e-07
1234000      1.35e-02      3.29e-04      6.72e-03    5.9e-07
1236000      8.33e-03      1.07e-05      6.60e-03    5.9e-07
1238000      1.01e-02      1.88e-04      6.40e-03    5.9e-07
1240000      2.11e-02      3.53e-04      1.42e-02    5.9e-07
1242000      1.12e-02      1.94e-04      7.41e-03    5.9e-07
1244000      9.43e-03      1.29e-04      6.82e-03    5.5e-07
1246000      1.54e-02      4.31e-04      7.83e-03    5.5e-07
1248000      8.74e-03      7.51e-05      6.75e-03    5.5e-07
1250000      1.00e-02      9.48e-05      7.68e-03    5.5e-07
1252000      9.67e-03      5.43e-05      7.64e-03    5.5e-07
1254000      1.47e-02      1.83e-04      1.09e-02    5.2e-07
1256000      1.12e-02      2.33e-04      6.85e-03    5.2e-07
1258000      1.39e-02      3.13e-04      8.82e-03    5.2e-07
1260000      1.29e-02      1.40e-04      9.81e-03    5.2e-07
1262000      1.50e-02      4.00e-04      8.22e-03    5.2e-07
1264000      1.08e-02      2.05e-04      6.96e-03    5.2e-07
1266000      1.04e-02      1.95e-04      6.88e-03    4.8e-07
1268000      8.52e-03      1.05e-04      6.43e-03    4.8e-07
1270000      1.30e-02      3.32e-04      7.61e-03    4.8e-07
1272000      1.43e-02      3.97e-04      7.55e-03    4.8e-07
1274000      1.15e-02      2.27e-04      7.35e-03    4.8e-07
1276000      1.59e-02      4.66e-04      7.70e-03    4.5e-07
1278000      1.05e-02      1.47e-04      7.76e-03    4.5e-07
1280000      1.47e-02      3.66e-04      8.83e-03    4.5e-07
1282000      1.54e-02      4.17e-04      8.56e-03    4.5e-07
1284000      2.22e-02      4.34e-04      1.45e-02    4.5e-07
1286000      1.99e-02      3.29e-04      1.40e-02    4.5e-07
1288000      1.02e-02      1.89e-04      6.91e-03    4.2e-07
1290000      8.89e-03      1.19e-04      6.74e-03    4.2e-07
1292000      1.45e-02      4.10e-04      7.59e-03    4.2e-07
1294000      1.25e-02      2.91e-04      7.98e-03    4.2e-07
1296000      1.68e-02      5.03e-04      7.97e-03    4.2e-07
1298000      9.65e-03      1.68e-04      6.81e-03    4.0e-07
1300000      1.60e-02      4.50e-04      8.56e-03    4.0e-07
1302000      1.48e-02      4.13e-04      8.04e-03    4.0e-07
1304000      1.59e-02      4.62e-04      8.12e-03    4.0e-07
1306000      1.05e-02      1.76e-04      7.54e-03    4.0e-07
1308000      1.51e-02      4.25e-04      8.03e-03    4.0e-07
1310000      9.79e-03      1.83e-04      6.72e-03    3.7e-07
1312000      9.13e-03      8.33e-05      7.47e-03    3.7e-07
1314000      1.51e-02      4.40e-04      7.61e-03    3.7e-07
1316000      9.84e-03      1.81e-04      6.82e-03    3.7e-07
1318000      1.84e-02      2.59e-04      1.40e-02    3.7e-07
1320000      1.54e-02      4.66e-04      7.29e-03    3.5e-07
1322000      1.03e-02      1.54e-04      7.80e-03    3.5e-07
1324000      9.15e-03      9.99e-05      7.39e-03    3.5e-07
1326000      1.04e-02      2.03e-04      6.99e-03    3.5e-07
1328000      9.59e-03      1.76e-04      6.72e-03    3.5e-07
1330000      8.53e-03      9.59e-05      6.86e-03    3.5e-07
1332000      1.36e-02      4.03e-04      6.84e-03    3.2e-07
1334000      1.44e-02      4.21e-04      7.32e-03    3.2e-07
1336000      1.60e-02      4.79e-04      7.85e-03    3.2e-07
1338000      1.12e-02      2.36e-04      7.19e-03    3.2e-07
1340000      1.09e-02      1.64e-04      8.34e-03    3.2e-07
1342000      8.73e-03      1.11e-04      6.98e-03    3.0e-07
1344000      1.77e-02      2.34e-04      1.41e-02    3.0e-07
1346000      1.73e-02      5.38e-04      7.73e-03    3.0e-07
1348000      9.58e-03      1.22e-04      7.66e-03    3.0e-07
1350000      8.82e-03      1.27e-04      6.86e-03    3.0e-07
1352000      9.60e-03      1.76e-04      6.83e-03    3.0e-07
1354000      1.77e-02      2.66e-04      1.37e-02    2.8e-07
1356000      1.44e-02      4.22e-04      7.56e-03    2.8e-07
1358000      1.60e-02      4.87e-04      7.67e-03    2.8e-07
1360000      1.31e-02      2.62e-04      8.93e-03    2.8e-07
1362000      1.49e-02      4.21e-04      8.25e-03    2.8e-07
1364000      1.99e-02      3.59e-04      1.45e-02    2.7e-07
1366000      1.27e-02      3.33e-04      7.79e-03    2.7e-07
1368000      1.44e-02      3.86e-04      8.60e-03    2.7e-07
1370000      1.36e-02      3.94e-04      7.31e-03    2.7e-07
1372000      1.40e-02      3.88e-04      8.00e-03    2.7e-07
1374000      1.30e-02      3.57e-04      7.56e-03    2.7e-07
1376000      1.08e-02      1.66e-04      8.47e-03    2.5e-07
1378000      1.44e-02      4.16e-04      7.74e-03    2.5e-07
1380000      1.98e-02      3.28e-04      1.51e-02    2.5e-07
1382000      9.70e-03      1.29e-04      7.86e-03    2.5e-07
1384000      9.93e-03      2.00e-04      6.81e-03    2.5e-07
1386000      9.42e-03      1.69e-04      6.97e-03    2.3e-07
1388000      1.45e-02      4.14e-04      8.06e-03    2.3e-07
1390000      1.78e-02      2.65e-04      1.41e-02    2.3e-07
1392000      8.90e-03      1.42e-04      6.90e-03    2.3e-07
1394000      9.13e-03      1.62e-04      6.78e-03    2.3e-07
1396000      9.77e-03      1.59e-04      7.54e-03    2.3e-07
1398000      1.97e-02      3.72e-04      1.42e-02    2.2e-07
1400000      1.41e-02      2.77e-04      1.00e-02    2.2e-07
1402000      1.09e-02      2.43e-04      6.95e-03    2.2e-07
1404000      1.27e-02      2.02e-04      9.94e-03    2.2e-07
1406000      9.37e-03      1.57e-04      7.18e-03    2.2e-07
1408000      8.25e-03      8.96e-05      7.06e-03    2.0e-07
1410000      1.39e-02      4.09e-04      7.34e-03    2.0e-07
1412000      8.59e-03      5.86e-05      7.64e-03    2.0e-07
1414000      1.34e-02      3.50e-04      8.43e-03    2.0e-07
1416000      1.55e-02      4.70e-04      7.70e-03    2.0e-07
1418000      8.40e-03      1.06e-04      7.00e-03    2.0e-07
1420000      1.58e-02      4.86e-04      7.56e-03    1.9e-07
1422000      1.31e-02      3.60e-04      7.81e-03    1.9e-07
1424000      1.41e-02      4.14e-04      7.61e-03    1.9e-07
1426000      8.73e-03      1.25e-04      7.11e-03    1.9e-07
1428000      1.32e-02      2.34e-04      1.00e-02    1.9e-07
1430000      1.34e-02      3.82e-04      7.68e-03    1.8e-07
1432000      1.71e-02      2.63e-04      1.38e-02    1.8e-07
1434000      8.88e-03      1.33e-04      7.19e-03    1.8e-07
1436000      8.82e-03      7.15e-05      7.85e-03    1.8e-07
1438000      1.48e-02      4.31e-04      8.17e-03    1.8e-07
1440000      1.15e-02      2.19e-04      8.48e-03    1.8e-07
1442000      9.47e-03      1.64e-04      7.32e-03    1.7e-07
1444000      8.46e-03      1.24e-04      6.93e-03    1.7e-07
1446000      1.99e-02      3.83e-04      1.45e-02    1.7e-07
1448000      8.89e-03      1.49e-04      6.96e-03    1.7e-07
1450000      8.98e-03      1.09e-04      7.67e-03    1.7e-07
1452000      2.20e-02      4.27e-04      1.61e-02    1.6e-07
1454000      1.37e-02      3.58e-04      8.87e-03    1.6e-07
1456000      1.91e-02      3.46e-04      1.45e-02    1.6e-07
1458000      1.25e-02      3.59e-04      7.08e-03    1.6e-07
1460000      1.52e-02      4.53e-04      8.00e-03    1.6e-07
1462000      8.76e-03      1.42e-04      6.98e-03    1.6e-07
1464000      1.21e-02      1.54e-04      1.03e-02    1.5e-07
1466000      9.49e-03      1.68e-04      7.33e-03    1.5e-07
1468000      1.38e-02      3.86e-04      8.12e-03    1.5e-07
1470000      8.87e-03      7.90e-05      7.94e-03    1.5e-07
1472000      8.39e-03      1.15e-04      7.06e-03    1.5e-07
1474000      1.35e-02      3.85e-04      7.85e-03    1.4e-07
1476000      8.39e-03      1.26e-04      6.92e-03    1.4e-07
1478000      1.45e-02      4.29e-04      7.89e-03    1.4e-07
1480000      1.02e-02      1.86e-04      7.83e-03    1.4e-07
1482000      1.35e-02      3.70e-04      8.29e-03    1.4e-07
1484000      1.51e-02      4.45e-04      8.17e-03    1.4e-07
1486000      8.77e-03      1.37e-04      7.17e-03    1.3e-07
1488000      8.50e-03      1.35e-04      6.90e-03    1.3e-07
1490000      8.88e-03      1.05e-04      7.74e-03    1.3e-07
1492000      8.72e-03      1.38e-04      7.08e-03    1.3e-07
1494000      1.37e-02      3.54e-04      9.02e-03    1.3e-07
1496000      8.90e-03      1.42e-04      7.25e-03    1.2e-07
1498000      8.57e-03      8.88e-05      7.64e-03    1.2e-07
1500000      1.33e-02      3.75e-04      7.89e-03    1.2e-07
1502000      8.26e-03      1.13e-04      7.02e-03    1.2e-07
1504000      1.01e-02      1.82e-04      7.78e-03    1.2e-07
1506000      1.39e-02      3.88e-04      8.45e-03    1.2e-07
1508000      8.67e-03      1.44e-04      6.99e-03    1.1e-07
1510000      9.06e-03      1.65e-04      7.01e-03    1.1e-07
1512000      1.47e-02      4.46e-04      7.54e-03    1.1e-07
1514000      9.12e-03      1.15e-04      7.91e-03    1.1e-07
1516000      9.93e-03      1.34e-04      8.50e-03    1.1e-07
1518000      1.11e-02      1.99e-04      8.62e-03    1.0e-07
1520000      1.46e-02      4.40e-04      7.76e-03    1.0e-07
1522000      8.29e-03      1.22e-04      6.96e-03    1.0e-07
1524000      2.04e-02      3.61e-04      1.61e-02    1.0e-07
1526000      9.62e-03      1.94e-04      7.02e-03    1.0e-07
1528000      1.48e-02      4.51e-04      7.62e-03    1.0e-07
1530000      1.87e-02      3.59e-04      1.42e-02    9.8e-08
1532000      1.36e-02      3.53e-04      9.02e-03    9.8e-08
1534000      9.20e-03      1.47e-04      7.56e-03    9.8e-08
1536000      1.08e-02      1.67e-04      8.98e-03    9.8e-08
1538000      8.24e-03      9.01e-05      7.38e-03    9.8e-08
1540000      8.31e-03      1.28e-04      6.92e-03    9.2e-08
1542000      8.58e-03      1.44e-04      6.94e-03    9.2e-08
1544000      1.75e-02      3.29e-04      1.34e-02    9.2e-08
1546000      9.00e-03      1.22e-04      7.77e-03    9.2e-08
1548000      8.83e-03      1.51e-04      7.10e-03    9.2e-08
1550000      8.83e-03      1.27e-04      7.51e-03    9.2e-08
1552000      9.38e-03      1.43e-04      7.87e-03    8.6e-08
1554000      1.37e-02      2.33e-04      1.11e-02    8.6e-08
1556000      1.42e-02      4.29e-04      7.43e-03    8.6e-08
1558000      1.40e-02      4.24e-04      7.44e-03    8.6e-08
1560000      8.21e-03      1.25e-04      6.90e-03    8.6e-08
1562000      1.42e-02      4.08e-04      8.26e-03    8.0e-08
1564000      1.28e-02      3.51e-04      8.03e-03    8.0e-08
1566000      9.30e-03      1.25e-04      8.08e-03    8.0e-08
1568000      1.86e-02      3.71e-04      1.38e-02    8.0e-08
1570000      8.56e-03      1.21e-04      7.36e-03    8.0e-08
1572000      9.09e-03      1.83e-04      6.73e-03    8.0e-08
1574000      9.61e-03      1.77e-04      7.52e-03    7.5e-08
1576000      1.33e-02      3.87e-04      7.70e-03    7.5e-08
1578000      1.03e-02      1.64e-04      8.51e-03    7.5e-08
1580000      9.04e-03      1.22e-04      7.87e-03    7.5e-08
1582000      1.94e-02      3.57e-04      1.52e-02    7.5e-08
1584000      1.48e-02      3.21e-04      1.15e-02    7.0e-08
1586000      1.35e-02      3.65e-04      8.64e-03    7.0e-08
1588000      1.11e-02      3.00e-04      7.10e-03    7.0e-08
1590000      9.54e-03      1.16e-04      8.50e-03    7.0e-08
1592000      1.39e-02      4.12e-04      7.76e-03    7.0e-08
1594000      1.34e-02      3.90e-04      7.76e-03    7.0e-08
1596000      8.73e-03      1.42e-04      7.24e-03    6.6e-08
1598000      1.41e-02      4.21e-04      7.72e-03    6.6e-08
1600000      8.37e-03      1.19e-04      7.23e-03    6.6e-08
1602000      1.40e-02      4.14e-04      7.77e-03    6.6e-08
1604000      9.93e-03      1.32e-04      8.70e-03    6.6e-08
1606000      9.86e-03      1.32e-04      8.66e-03    6.2e-08
1608000      7.89e-03      9.53e-05      7.07e-03    6.2e-08
1610000      8.84e-03      1.62e-04      6.97e-03    6.2e-08
1612000      1.35e-02      4.03e-04      7.52e-03    6.2e-08
1614000      9.35e-03      1.38e-04      8.00e-03    6.2e-08
1616000      1.38e-02      3.96e-04      8.09e-03    6.2e-08
1618000      1.31e-02      3.80e-04      7.61e-03    5.8e-08
1620000      1.40e-02      4.11e-04      8.02e-03    5.8e-08
1622000      1.76e-02      3.27e-04      1.38e-02    5.8e-08
1624000      1.42e-02      4.31e-04      7.55e-03    5.8e-08
1626000      8.29e-03      1.17e-04      7.20e-03    5.8e-08
1628000      1.92e-02      3.52e-04      1.52e-02    5.4e-08
1630000      1.02e-02      1.40e-04      8.93e-03    5.4e-08
1632000      1.04e-02      1.69e-04      8.65e-03    5.4e-08
1634000      8.78e-03      9.60e-05      8.02e-03    5.4e-08
1636000      8.62e-03      1.02e-04      7.78e-03    5.4e-08
1638000      8.70e-03      1.56e-04      6.95e-03    5.4e-08
1640000      1.44e-02      4.35e-04      7.71e-03    5.1e-08
1642000      8.51e-03      1.02e-04      7.67e-03    5.1e-08
1644000      8.48e-03      1.42e-04      7.00e-03    5.1e-08
1646000      8.33e-03      1.33e-04      7.00e-03    5.1e-08
1648000      1.35e-02      4.01e-04      7.61e-03    5.1e-08
1650000      8.97e-03      1.21e-04      7.91e-03    4.7e-08
1652000      8.20e-03      1.29e-04      6.94e-03    4.7e-08
1654000      1.44e-02      4.10e-04      8.67e-03    4.7e-08
1656000      1.39e-02      4.03e-04      8.19e-03    4.7e-08
1658000      1.34e-02      3.95e-04      7.56e-03    4.7e-08
1660000      1.46e-02      4.44e-04      7.68e-03    4.7e-08
1662000      1.37e-02      4.10e-04      7.58e-03    4.4e-08
1664000      8.53e-03      1.48e-04      6.96e-03    4.4e-08
1666000      1.02e-02      1.35e-04      9.00e-03    4.4e-08
1668000      1.31e-02      3.93e-04      7.17e-03    4.4e-08
1670000      1.69e-02      3.10e-04      1.34e-02    4.4e-08
1672000      8.43e-03      1.39e-04      7.03e-03    4.1e-08
1674000      9.15e-03      1.48e-04      7.68e-03    4.1e-08
1676000      8.86e-03      1.20e-04      7.84e-03    4.1e-08
1678000      1.34e-02      3.90e-04      7.82e-03    4.1e-08
1680000      9.30e-03      1.51e-04      7.80e-03    4.1e-08
1682000      1.35e-02      3.97e-04      7.73e-03    4.1e-08
1684000      8.74e-03      1.57e-04      7.03e-03    3.9e-08
1686000      8.65e-03      1.46e-04      7.15e-03    3.9e-08
1688000      1.38e-02      2.42e-04      1.12e-02    3.9e-08
1690000      1.04e-02      1.56e-04      8.94e-03    3.9e-08
1692000      8.16e-03      1.15e-04      7.16e-03    3.9e-08
1694000      9.11e-03      1.13e-04      8.21e-03    3.6e-08
1696000      1.41e-02      4.22e-04      7.89e-03    3.6e-08
1698000      9.05e-03      1.29e-04      7.91e-03    3.6e-08
1700000      1.06e-02      1.85e-04      8.66e-03    3.6e-08
