Filesystem                                   Size  Used Avail Use% Mounted on
devtmpfs                                     504G     0  504G   0% /dev
tmpfs                                        504G  4.3M  504G   1% /dev/shm
tmpfs                                        504G   27M  504G   1% /run
tmpfs                                        504G     0  504G   0% /sys/fs/cgroup
/dev/mapper/xcatvg-root                      434G   15G  398G   4% /
/dev/nvme0n1p2                               974M  454M  453M  51% /boot
/dev/nvme0n1p1                               256M  5.8M  250M   3% /boot/efi
172.31.0.24@o2ib:172.31.0.26@o2ib:/isaaclfs  3.6P  2.1P  1.4P  60% /lustre/isaac
nfs2.isaac.utk.edu:/data/nfs/spack           2.0T  927G  1.1T  46% /spack
nfs.isaac.utk.edu:/data/nfs/home             6.0T  3.3T  2.8T  55% /nfs/home
nfs2.isaac.utk.edu:/data/nfs/sw              2.0T  927G  1.1T  46% /sw
/dev/mapper/tmp-tmp                           47T  106M   45T   1% /tmp
              total        used        free      shared  buff/cache   available
Mem:          1.0Ti       3.2Gi       999Gi        33Mi       4.2Gi       999Gi
Swap:         4.0Gi          0B       4.0Gi
Architecture:        x86_64
CPU op-mode(s):      32-bit, 64-bit
Byte Order:          Little Endian
CPU(s):              64
On-line CPU(s) list: 0-63
Thread(s) per core:  1
Core(s) per socket:  32
Socket(s):           2
NUMA node(s):        2
Vendor ID:           GenuineIntel
CPU family:          6
Model:               143
Model name:          Intel(R) Xeon(R) Platinum 8462Y+
Stepping:            8
CPU MHz:             2800.000
BogoMIPS:            5600.00
Virtualization:      VT-x
L1d cache:           48K
L1i cache:           32K
L2 cache:            2048K
L3 cache:            61440K
NUMA node0 CPU(s):   0,2,4,6,8,10,12,14,16,18,20,22,24,26,28,30,32,34,36,38,40,42,44,46,48,50,52,54,56,58,60,62
NUMA node1 CPU(s):   1,3,5,7,9,11,13,15,17,19,21,23,25,27,29,31,33,35,37,39,41,43,45,47,49,51,53,55,57,59,61,63
Flags:               fpu vme de pse tsc msr pae mce cx8 apic sep mtrr pge mca cmov pat pse36 clflush dts acpi mmx fxsr sse sse2 ss ht tm pbe syscall nx pdpe1gb rdtscp lm constant_tsc art arch_perfmon pebs bts rep_good nopl xtopology nonstop_tsc cpuid aperfmperf tsc_known_freq pni pclmulqdq dtes64 monitor ds_cpl vmx smx est tm2 ssse3 sdbg fma cx16 xtpr pdcm pcid dca sse4_1 sse4_2 x2apic movbe popcnt tsc_deadline_timer aes xsave avx f16c rdrand lahf_lm abm 3dnowprefetch cpuid_fault epb cat_l3 cat_l2 cdp_l3 invpcid_single cdp_l2 ssbd mba ibrs ibpb stibp ibrs_enhanced tpr_shadow vnmi flexpriority ept vpid ept_ad fsgsbase tsc_adjust bmi1 avx2 smep bmi2 erms invpcid cqm rdt_a avx512f avx512dq rdseed adx smap avx512ifma clflushopt clwb intel_pt avx512cd sha_ni avx512bw avx512vl xsaveopt xsavec xgetbv1 xsaves cqm_llc cqm_occup_llc cqm_mbm_total cqm_mbm_local split_lock_detect avx_vnni avx512_bf16 wbnoinvd dtherm ida arat pln pts hfi avx512vbmi umip pku ospke waitpkg avx512_vbmi2 gfni vaes vpclmulqdq avx512_vnni avx512_bitalg tme avx512_vpopcntdq la57 rdpid bus_lock_detect cldemote movdiri movdir64b enqcmd fsrm md_clear serialize tsxldtrk pconfig arch_lbr amx_bf16 avx512_fp16 amx_tile amx_int8 flush_l1d arch_capabilities
Mon Oct 23 11:42:52 2023       
+---------------------------------------------------------------------------------------+
| NVIDIA-SMI 535.86.10              Driver Version: 535.86.10    CUDA Version: 12.2     |
|-----------------------------------------+----------------------+----------------------+
| GPU  Name                 Persistence-M | Bus-Id        Disp.A | Volatile Uncorr. ECC |
| Fan  Temp   Perf          Pwr:Usage/Cap |         Memory-Usage | GPU-Util  Compute M. |
|                                         |                      |               MIG M. |
|=========================================+======================+======================|
|   0  NVIDIA H100 80GB HBM3          On  | 00000000:55:00.0 Off |                    0 |
| N/A   24C    P0              67W / 700W |      4MiB / 81559MiB |      0%      Default |
|                                         |                      |             Disabled |
+-----------------------------------------+----------------------+----------------------+
|   1  NVIDIA H100 80GB HBM3          On  | 00000000:68:00.0 Off |                    0 |
| N/A   25C    P0              68W / 700W |      4MiB / 81559MiB |      0%      Default |
|                                         |                      |             Disabled |
+-----------------------------------------+----------------------+----------------------+
|   2  NVIDIA H100 80GB HBM3          On  | 00000000:D2:00.0 Off |                    0 |
| N/A   24C    P0              70W / 700W |      4MiB / 81559MiB |      0%      Default |
|                                         |                      |             Disabled |
+-----------------------------------------+----------------------+----------------------+
|   3  NVIDIA H100 80GB HBM3          On  | 00000000:E4:00.0 Off |                    0 |
| N/A   24C    P0              67W / 700W |      4MiB / 81559MiB |      0%      Default |
|                                         |                      |             Disabled |
+-----------------------------------------+----------------------+----------------------+
                                                                                         
+---------------------------------------------------------------------------------------+
| Processes:                                                                            |
|  GPU   GI   CI        PID   Type   Process name                            GPU Memory |
|        ID   ID                                                             Usage      |
|=======================================================================================|
|  No running processes found                                                           |
+---------------------------------------------------------------------------------------+
core file size          (blocks, -c) 0
data seg size           (kbytes, -d) unlimited
scheduling priority             (-e) 0
file size               (blocks, -f) unlimited
pending signals                 (-i) 4124802
max locked memory       (kbytes, -l) unlimited
max memory size         (kbytes, -m) 1042022400
open files                      (-n) 1024
pipe size            (512 bytes, -p) 8
POSIX message queues     (bytes, -q) 819200
real-time priority              (-r) 0
stack size              (kbytes, -s) unlimited
cpu time               (seconds, -t) unlimited
max user processes              (-u) 766944
virtual memory          (kbytes, -v) unlimited
file locks                      (-x) unlimited
Filesystem                                   Size  Used Avail Use% Mounted on
devtmpfs                                     504G     0  504G   0% /dev
tmpfs                                        504G  4.3M  504G   1% /dev/shm
tmpfs                                        504G   27M  504G   1% /run
tmpfs                                        504G     0  504G   0% /sys/fs/cgroup
/dev/mapper/xcatvg-root                      434G   15G  398G   4% /
/dev/nvme0n1p2                               974M  454M  453M  51% /boot
/dev/nvme0n1p1                               256M  5.8M  250M   3% /boot/efi
172.31.0.24@o2ib:172.31.0.26@o2ib:/isaaclfs  3.6P  2.1P  1.4P  60% /lustre/isaac
nfs2.isaac.utk.edu:/data/nfs/spack           2.0T  927G  1.1T  46% /spack
nfs.isaac.utk.edu:/data/nfs/home             6.0T  3.3T  2.8T  55% /nfs/home
nfs2.isaac.utk.edu:/data/nfs/sw              2.0T  927G  1.1T  46% /sw
/dev/mapper/tmp-tmp                           47T  106M   45T   1% /tmp
              total        used        free      shared  buff/cache   available
Mem:          1.0Ti       3.3Gi       999Gi        33Mi       4.2Gi       999Gi
Swap:         4.0Gi          0B       4.0Gi
Architecture:        x86_64
CPU op-mode(s):      32-bit, 64-bit
Byte Order:          Little Endian
CPU(s):              64
On-line CPU(s) list: 0-63
Thread(s) per core:  1
Core(s) per socket:  32
Socket(s):           2
NUMA node(s):        2
Vendor ID:           GenuineIntel
CPU family:          6
Model:               143
Model name:          Intel(R) Xeon(R) Platinum 8462Y+
Stepping:            8
CPU MHz:             2800.000
BogoMIPS:            5600.00
Virtualization:      VT-x
L1d cache:           48K
L1i cache:           32K
L2 cache:            2048K
L3 cache:            61440K
NUMA node0 CPU(s):   0,2,4,6,8,10,12,14,16,18,20,22,24,26,28,30,32,34,36,38,40,42,44,46,48,50,52,54,56,58,60,62
NUMA node1 CPU(s):   1,3,5,7,9,11,13,15,17,19,21,23,25,27,29,31,33,35,37,39,41,43,45,47,49,51,53,55,57,59,61,63
Flags:               fpu vme de pse tsc msr pae mce cx8 apic sep mtrr pge mca cmov pat pse36 clflush dts acpi mmx fxsr sse sse2 ss ht tm pbe syscall nx pdpe1gb rdtscp lm constant_tsc art arch_perfmon pebs bts rep_good nopl xtopology nonstop_tsc cpuid aperfmperf tsc_known_freq pni pclmulqdq dtes64 monitor ds_cpl vmx smx est tm2 ssse3 sdbg fma cx16 xtpr pdcm pcid dca sse4_1 sse4_2 x2apic movbe popcnt tsc_deadline_timer aes xsave avx f16c rdrand lahf_lm abm 3dnowprefetch cpuid_fault epb cat_l3 cat_l2 cdp_l3 invpcid_single cdp_l2 ssbd mba ibrs ibpb stibp ibrs_enhanced tpr_shadow vnmi flexpriority ept vpid ept_ad fsgsbase tsc_adjust bmi1 avx2 smep bmi2 erms invpcid cqm rdt_a avx512f avx512dq rdseed adx smap avx512ifma clflushopt clwb intel_pt avx512cd sha_ni avx512bw avx512vl xsaveopt xsavec xgetbv1 xsaves cqm_llc cqm_occup_llc cqm_mbm_total cqm_mbm_local split_lock_detect avx_vnni avx512_bf16 wbnoinvd dtherm ida arat pln pts hfi avx512vbmi umip pku ospke waitpkg avx512_vbmi2 gfni vaes vpclmulqdq avx512_vnni avx512_bitalg tme avx512_vpopcntdq la57 rdpid bus_lock_detect cldemote movdiri movdir64b enqcmd fsrm md_clear serialize tsxldtrk pconfig arch_lbr amx_bf16 avx512_fp16 amx_tile amx_int8 flush_l1d arch_capabilities
Mon Oct 23 11:42:53 2023       
+---------------------------------------------------------------------------------------+
| NVIDIA-SMI 535.86.10              Driver Version: 535.86.10    CUDA Version: 12.2     |
|-----------------------------------------+----------------------+----------------------+
| GPU  Name                 Persistence-M | Bus-Id        Disp.A | Volatile Uncorr. ECC |
| Fan  Temp   Perf          Pwr:Usage/Cap |         Memory-Usage | GPU-Util  Compute M. |
|                                         |                      |               MIG M. |
|=========================================+======================+======================|
|   0  NVIDIA H100 80GB HBM3          On  | 00000000:55:00.0 Off |                    0 |
| N/A   24C    P0              68W / 700W |      4MiB / 81559MiB |      0%      Default |
|                                         |                      |             Disabled |
+-----------------------------------------+----------------------+----------------------+
|   1  NVIDIA H100 80GB HBM3          On  | 00000000:68:00.0 Off |                    0 |
| N/A   25C    P0              68W / 700W |      4MiB / 81559MiB |      0%      Default |
|                                         |                      |             Disabled |
+-----------------------------------------+----------------------+----------------------+
|   2  NVIDIA H100 80GB HBM3          On  | 00000000:D2:00.0 Off |                    0 |
| N/A   24C    P0              70W / 700W |      4MiB / 81559MiB |      0%      Default |
|                                         |                      |             Disabled |
+-----------------------------------------+----------------------+----------------------+
|   3  NVIDIA H100 80GB HBM3          On  | 00000000:E4:00.0 Off |                    0 |
| N/A   24C    P0              67W / 700W |      4MiB / 81559MiB |      0%      Default |
|                                         |                      |             Disabled |
+-----------------------------------------+----------------------+----------------------+
                                                                                         
+---------------------------------------------------------------------------------------+
| Processes:                                                                            |
|  GPU   GI   CI        PID   Type   Process name                            GPU Memory |
|        ID   ID                                                             Usage      |
|=======================================================================================|
|  No running processes found                                                           |
+---------------------------------------------------------------------------------------+
core file size          (blocks, -c) 0
data seg size           (kbytes, -d) unlimited
scheduling priority             (-e) 0
file size               (blocks, -f) unlimited
pending signals                 (-i) 4124802
max locked memory       (kbytes, -l) unlimited
max memory size         (kbytes, -m) 1042022400
open files                      (-n) 1024
pipe size            (512 bytes, -p) 8
POSIX message queues     (bytes, -q) 819200
real-time priority              (-r) 0
stack size              (kbytes, -s) unlimited
cpu time               (seconds, -t) unlimited
max user processes              (-u) 766944
virtual memory          (kbytes, -v) unlimited
file locks                      (-x) unlimited
